Running BBMap
java -ea -Xmx7979m -Xms7979m -cp /opt/conda/envs/newenv/opt/bbmap-39.26-0/current/ align2.BBMap build=1 overwrite=true fastareadlen=500 ref=/workspace/refs/dhfr_3_oligos_split_Lib1.codon2.full_nRE_nPrim.genes in=/workspace/out/DNGXRH_4_L79.fasta outm=/workspace/out/DNGXRH_4_L79.bbmap.merged.sam outu=/workspace/out/DNGXRH_4_L79.bbmap.merged.unaligned.sam
Executing align2.BBMap [build=1, overwrite=true, fastareadlen=500, ref=/workspace/refs/dhfr_3_oligos_split_Lib1.codon2.full_nRE_nPrim.genes, in=/workspace/out/DNGXRH_4_L79.fasta, outm=/workspace/out/DNGXRH_4_L79.bbmap.merged.sam, outu=/workspace/out/DNGXRH_4_L79.bbmap.merged.unaligned.sam]
Version 39.26

Retaining first best site only for ambiguous mappings.
NOTE:	Deleting contents of ref/genome/1 because reference is specified and overwrite=true
NOTE:	Deleting contents of ref/index/1 because reference is specified and overwrite=true
Writing reference.
Executing dna.FastaToChromArrays2 [/workspace/refs/dhfr_3_oligos_split_Lib1.codon2.full_nRE_nPrim.genes, 1, writeinthread=false, genscaffoldinfo=true, retain, waitforwriting=false, gz=true, maxlen=536670912, writechroms=true, minscaf=1, midpad=300, startpad=8000, stoppad=8000, nodisk=false]

Set genScaffoldInfo=true
Writing chunk 1
Set genome to 1

Loaded Reference:	0.028 seconds.
Loading index for chunk 1-1, build 1
No index available; generating from reference genome: /workspace/ref/index/1/chr1_index_k13_c7_b1.block
Indexing threads started for block 0-1
Indexing threads finished for block 0-1
Generated Index:	0.908 seconds.
Analyzed Index:   	1.274 seconds.
Started output stream:	0.021 seconds.
Started output stream:	0.007 seconds.
Cleared Memory:    	0.112 seconds.
Processing reads in single-ended mode.
Started read stream.
Started 10 mapping threads.
Warning: A fasta header with no sequence was encountered (0):
GGAAAGTAGTGGATGAAACA

Detecting finished threads: 0, 1, 2, 3, 4, 5, 6, 7, 8, 9

   ------------------   Results   ------------------   

Genome:                	1
Key Length:            	13
Max Indel:             	16000
Minimum Score Ratio:  	0.56
Mapping Mode:         	normal
Reads Used:           	1631	(545702 bases)

Mapping:          	2.897 seconds.
Reads/sec:       	562.90
kBases/sec:      	188.34


Read 1 data:      	pct reads	num reads 	pct bases	   num bases

mapped:          	 30.4108% 	      496 	 21.0309% 	      114766
unambiguous:     	 30.4108% 	      496 	 21.0309% 	      114766
ambiguous:       	  0.0000% 	        0 	  0.0000% 	           0
low-Q discards:  	  0.0000% 	        0 	  0.0000% 	           0

perfect best site:	  0.0000% 	        0 	  0.0000% 	           0
semiperfect site:	  1.6554% 	       27 	  0.9939% 	        5424

Match Rate:      	      NA 	       NA 	 84.5535% 	       99774
Error Rate:      	 33.0748% 	      469 	 13.8211% 	       16309
Sub Rate:        	 32.7927% 	      465 	  5.4415% 	        6421
Del Rate:        	 10.1551% 	      144 	  2.7415% 	        3235
Ins Rate:        	 18.8999% 	      268 	  5.6381% 	        6653
N Rate:          	 34.8378% 	      494 	  1.6254% 	        1918

Total time:     	5.454 seconds.
BBMap completed.
